C51 COMPILER V9.50a   BASIC                                                                02/10/2020 15:15:13 PAGE 1   


C51 COMPILER V9.50a, COMPILATION OF MODULE BASIC
OBJECT MODULE PLACED IN .\basic.obj
COMPILER INVOKED BY: C:\Keil\C51\BIN\C51.EXE D:\vikram\basic.c BROWSE DEBUG OBJECTEXTEND PRINT(.\basic.lst) TABS(2) OBJE
                    -CT(.\basic.obj)

line level    source

   1          #include<reg51.h>
   2          #include"lcd.h"
   3          sbit r1=P3^0;
   4          sbit r2=P3^1;
   5          sbit r3=P3^2;
   6          sbit r4=P3^3;
   7          sbit c1=P3^4;
   8          sbit c2=P3^5;
   9          sbit c3=P3^6;
  10          sbit c4=P3^7;
  11          
  12          void main()
  13          {
  14   1        init_lcd(); 
  15   1        while(1)
  16   1        {
  17   2          r1=0;
  18   2          r2=r3=r4=1;
  19   2          if(c1==0)
  20   2          {
  21   3            lcd_data('1');
  22   3            delay(100);
  23   3          }
  24   2          if(c2==0)
  25   2          {
  26   3            lcd_data('2');
  27   3            delay(100);
  28   3          }
  29   2          if(c3==0)
  30   2          {
  31   3            lcd_data('3');
  32   3            delay(100);
  33   3          }
  34   2          r2=0;
  35   2          r1=r3=r4=1;
  36   2          if(c1==0)
  37   2          {
  38   3            lcd_data('4');
  39   3            delay(100);
  40   3          }
  41   2          if(c2==0)
  42   2          {
  43   3            lcd_data('5');
  44   3            delay(100);
  45   3          }
  46   2          if(c3==0)
  47   2          {
  48   3            lcd_data('6');
  49   3            delay(100);
  50   3          }
  51   2          r3=0;
  52   2          r1=r2=r4=1;
  53   2          if(c1==0)
  54   2          {
C51 COMPILER V9.50a   BASIC                                                                02/10/2020 15:15:13 PAGE 2   

  55   3            lcd_data('7');
  56   3            delay(100);
  57   3          }
  58   2          if(c2==0)
  59   2          {
  60   3            lcd_data('8');
  61   3            delay(100);
  62   3          }
  63   2          if(c3==0)
  64   2          {
  65   3            lcd_data('9');
  66   3            delay(1000);
  67   3          }
  68   2          r4=0;
  69   2          r1=r2=r3=1;
  70   2          if(c1==0)
  71   2          {
  72   3            lcd_data('*');
  73   3            delay(100);
  74   3          }
  75   2          if(c2==0)
  76   2          {
  77   3            lcd_data('0');
  78   3            delay(100);
  79   3          }
  80   2          if(c3==0)
  81   2          {
  82   3            lcd_data('#');
  83   3            delay(1000);
  84   3          }
  85   2        }
  86   1      }


MODULE INFORMATION:   STATIC OVERLAYABLE
   CODE SIZE        =    305    ----
   CONSTANT SIZE    =   ----    ----
   XDATA SIZE       =   ----    ----
   PDATA SIZE       =   ----    ----
   DATA SIZE        =   ----       3
   IDATA SIZE       =   ----    ----
   BIT SIZE         =   ----    ----
END OF MODULE INFORMATION.


C51 COMPILATION COMPLETE.  0 WARNING(S),  0 ERROR(S)
