C51 COMPILER V9.50a   NEWPASSWORD                                                          02/10/2020 16:02:23 PAGE 1   


C51 COMPILER V9.50a, COMPILATION OF MODULE NEWPASSWORD
OBJECT MODULE PLACED IN .\newpassword.obj
COMPILER INVOKED BY: C:\Keil\C51\BIN\C51.EXE D:\vikram\newpassword.c BROWSE DEBUG OBJECTEXTEND PRINT(.\newpassword.lst) 
                    -TABS(2) OBJECT(.\newpassword.obj)

line level    source

   1          #include<reg51.h>
   2          #include<string.h>
   3          #include"lcd.h"
   4          sbit r1=P3^0;
   5          sbit r2=P3^1;
   6          sbit r3=P3^2;
   7          sbit r4=P3^3;
   8          sbit c1=P3^4;
   9          sbit c2=P3^5;
  10          sbit c3=P3^6;
  11          
  12          unsigned char a[4]="1234",b[4];
  13          
  14          void keypad()
  15          {
  16   1        int i;
  17   1        while(i<4)
  18   1        {
  19   2          r1=0;
  20   2          r2=r3=r4=1;
  21   2          if(c1==0)
  22   2          {
  23   3            lcd_data('1');
  24   3            delay(100);
  25   3            b[i]='1';
  26   3            delay(100);
  27   3            i++;
  28   3          }
  29   2          if(c2==0)
  30   2          {
  31   3            lcd_data('2');
  32   3            b[i]='2';
  33   3            delay(100);
  34   3            i++;
  35   3          }
  36   2          if(c3==0)
  37   2          {
  38   3            lcd_data('3');
  39   3            b[i]='3';
  40   3            delay(100);
  41   3            i++;
  42   3          }
  43   2          r2=0;
  44   2          r1=r3=r4=1;
  45   2          if(c1==0)
  46   2          {
  47   3            lcd_data('4');
  48   3            b[i]='4';
  49   3            delay(100);
  50   3            i++;
  51   3          }
  52   2          if(c2==0)
  53   2          {
  54   3            lcd_data('5');
C51 COMPILER V9.50a   NEWPASSWORD                                                          02/10/2020 16:02:23 PAGE 2   

  55   3            b[i]='5';
  56   3            delay(100);
  57   3            i++;
  58   3          }
  59   2          if(c3==0)
  60   2          {
  61   3            lcd_data('6');
  62   3            b[i]='6';
  63   3            delay(100);
  64   3            i++;
  65   3          }
  66   2          r3=0;
  67   2          r1=r2=r4=1;
  68   2          if(c1==0)
  69   2          {
  70   3            lcd_data('7');
  71   3            b[i]='7';
  72   3            delay(100);
  73   3            i++;
  74   3          }
  75   2          if(c2==0)
  76   2          {
  77   3            lcd_data('8');
  78   3            b[i]='8';
  79   3            delay(100);
  80   3            i++;
  81   3          }
  82   2          if(c3==0)
  83   2          {
  84   3            lcd_data('9');
  85   3            b[i]='9';
  86   3            delay(100);
  87   3            i++;
  88   3          }
  89   2          r4=0;
  90   2          r1=r2=r3=1;
  91   2          if(c1==0)
  92   2          {
  93   3            lcd_data('*');
  94   3            b[i]='*';
  95   3            delay(100);
  96   3            i++;
  97   3          }
  98   2          if(c2==0)
  99   2          {
 100   3            lcd_data('0');
 101   3            b[i]='0';
 102   3            delay(100);
 103   3            i++;
 104   3          }
 105   2          if(c3==0)
 106   2          {
 107   3            lcd_data('#');
 108   3            b[i]='#';
 109   3            delay(100);
 110   3            i++;
 111   3          }
 112   2        }
 113   1      }
 114          void main()
 115          {
 116   1        init_lcd();
C51 COMPILER V9.50a   NEWPASSWORD                                                          02/10/2020 16:02:23 PAGE 3   

 117   1        display("Enter Password");
 118   1        lcd_cmd(0XC0);
 119   1        while(1)
 120   1        {
 121   2          keypad();
 122   2          if((strncmp(a,b,4))==0)
 123   2          {
 124   3            display("Access granted");
 125   3          }
 126   2          else
 127   2          {
 128   3            display("Acess Denied");
 129   3          }
 130   2        }
 131   1      }


MODULE INFORMATION:   STATIC OVERLAYABLE
   CODE SIZE        =    593    ----
   CONSTANT SIZE    =     43    ----
   XDATA SIZE       =   ----    ----
   PDATA SIZE       =   ----    ----
   DATA SIZE        =      8       5
   IDATA SIZE       =   ----    ----
   BIT SIZE         =   ----    ----
END OF MODULE INFORMATION.


C51 COMPILATION COMPLETE.  0 WARNING(S),  0 ERROR(S)
