C51 COMPILER V9.50a   PASSWORDLOCKER                                                       02/10/2020 15:53:43 PAGE 1   


C51 COMPILER V9.50a, COMPILATION OF MODULE PASSWORDLOCKER
OBJECT MODULE PLACED IN .\passwordlocker.obj
COMPILER INVOKED BY: C:\Keil\C51\BIN\C51.EXE D:\vikram\passwordlocker.c BROWSE DEBUG OBJECTEXTEND PRINT(.\passwordlocker
                    -.lst) TABS(2) OBJECT(.\passwordlocker.obj)

line level    source

   1          #include<reg51.h>
   2          #include<string.h>
   3          #include"lcd.h"
   4          sbit r1=P3^0;
   5          sbit r2=P3^1;
   6          sbit r3=P3^2;
   7          sbit r4=P3^3;
   8          sbit c1=P3^4;
   9          sbit c2=P3^5;
  10          sbit c3=P3^6;
  11          
  12          unsigned char a[4]="1234",b[4];
  13          
  14          void keypad()
  15            { 
  16   1          int i=0;
  17   1          while(i<4)
  18   1          {
  19   2            r1=0;
  20   2            r2=r3=r4=1;
  21   2            if(c1==0);
  22   2            {
  23   3              lcd_data('1');
  24   3              b[i]='1';
  25   3              delay(100);
  26   3              i++;
  27   3            }
  28   2            if(c2==0);
  29   2            {
  30   3              lcd_data('2');
  31   3              b[i]='2';
  32   3              delay(100);
  33   3              i++;
  34   3            }
  35   2            if(c3==0);
  36   2            {
  37   3              lcd_data('3');
  38   3              b[i]='3';
  39   3              delay(100);
  40   3              i++;
  41   3            }
  42   2            r2=0;
  43   2            r1=r3=r4=1;
  44   2            if(c1==0);
  45   2            {
  46   3              lcd_data('4');
  47   3              b[i]='4';
  48   3              delay(100);
  49   3              i++;
  50   3            }
  51   2            if(c2==0);
  52   2            {
  53   3              lcd_data('5');
  54   3              b[i]='5';
C51 COMPILER V9.50a   PASSWORDLOCKER                                                       02/10/2020 15:53:43 PAGE 2   

  55   3              delay(100);
  56   3              i++;
  57   3            }
  58   2            if(c3==0);
  59   2            {
  60   3              lcd_data('6');
  61   3              b[i]='6';
  62   3              delay(100);
  63   3              i++;
  64   3            }
  65   2            r3=0;
  66   2            r1=r2=r4=1;
  67   2            if(c1==0);
  68   2            {
  69   3              lcd_data('7');
  70   3              b[i]='7';
  71   3              delay(100);
  72   3              i++;
  73   3            }
  74   2            if(c2==0);
  75   2            {
  76   3              lcd_data('8');
  77   3              b[i]='8';
  78   3              delay(100);
  79   3              i++;
  80   3            }
  81   2            if(c3==0);
  82   2            {
  83   3              lcd_data('9');
  84   3              b[i]='9';
  85   3              delay(100);
  86   3              i++;
  87   3            }
  88   2            r4=0;
  89   2            r1=r2=r3=1;
  90   2            if(c1==0);
  91   2            {
  92   3              lcd_data('*');
  93   3              b[i]='*';
  94   3              delay(100);
  95   3              i++;
  96   3            }
  97   2            if(c2==0);
  98   2            {
  99   3              lcd_data('0');
 100   3              b[i]='0';
 101   3              delay(100);
 102   3              i++;
 103   3            }
 104   2            if(c3==0);
 105   2            {
 106   3              lcd_data('#');
 107   3              b[i]='#';
 108   3              delay(100);
 109   3              i++;
 110   3            }
 111   2          }
 112   1        }
 113          
 114          void main()
 115          {
 116   1        init_lcd();
C51 COMPILER V9.50a   PASSWORDLOCKER                                                       02/10/2020 15:53:43 PAGE 3   

 117   1        display("Enter Password");
 118   1        lcd_cmd(0XC0);
 119   1        while(1)
 120   1        {
 121   2          keypad();
 122   2          if((strncmp(a,b,4))==0)
 123   2          {
 124   3            display("Access granted");
 125   3          }
 126   2          else
 127   2          {
 128   3            display("Acess Denied");
 129   3          }
 130   2        }
 131   1      }


MODULE INFORMATION:   STATIC OVERLAYABLE
   CODE SIZE        =    548    ----
   CONSTANT SIZE    =     43    ----
   XDATA SIZE       =   ----    ----
   PDATA SIZE       =   ----    ----
   DATA SIZE        =      8       5
   IDATA SIZE       =   ----    ----
   BIT SIZE         =   ----    ----
END OF MODULE INFORMATION.


C51 COMPILATION COMPLETE.  0 WARNING(S),  0 ERROR(S)
